<?xml version="1.0" encoding="UTF-8"?>
<!-- Generated by org.testng.reporters.JUnitReportReporter -->
<testsuite hostname="DESKTOP-9BB5NPN" failures="0" tests="2" name="Demo.DemoFirstTest" time="0.017" errors="0" timestamp="2023-01-24T13:01:56 IST" skipped="0">
  <testcase classname="Demo.DemoFirstTest" name="demo1" time="0.013"/>
  <system-out/>
  <testcase classname="Demo.DemoFirstTest" name="demo2" time="0.004"/>
  <system-out/>
</testsuite> <!-- Demo.DemoFirstTest -->
